RUNIT TEST PROTOCOL -- Mon Apr  6 05:09:03 2020 
*********************************************** 
Number of test functions: 28 
Number of errors: 0 
Number of failures: 1 

 
1 Test Suite : 
NMOF - 28 test functions, 0 errors, 1 failure
FAILURE in test.PSopt: Error in checkEquals(round(sol$xbest, 3), c(-4, -3, -2, -1, 0, 1, 2, 3,  : 
  Mean relative difference: 0.25




Details 
*************************** 
Test Suite: NMOF 
Test function regexp: ^test.+ 
Test file regexp: ^unitTests.*[^~]$ 
Involved directory: 
~/Packages/NMOF/inst/unitTests 
--------------------------- 
Test file: /home/es19/Packages/NMOF/inst/unitTests/unitTests_market.R 
test.French: (28 checks) ... OK (6.51 seconds)
test.Shiller: (0 checks) ... OK (0.28 seconds)
--------------------------- 
Test file: /home/es19/Packages/NMOF/inst/unitTests/unitTests_mc.R 
test.gbb: (2 checks) ... OK (0 seconds)
test.gbm: (2 checks) ... OK (0 seconds)
--------------------------- 
Test file: /home/es19/Packages/NMOF/inst/unitTests/unitTests_portfolio.R 
test.minvar: (10 checks) ... OK (0 seconds)
test.mvPortfolio: (2 checks) ... OK (0 seconds)
--------------------------- 
Test file: /home/es19/Packages/NMOF/inst/unitTests/unitTests2.R 
test.bracketing: (13 checks) ... OK (0 seconds)
test.gridSearch: (18 checks) ... OK (0.13 seconds)
test.xwGauss: (4 checks) ... OK (0 seconds)
--------------------------- 
Test file: /home/es19/Packages/NMOF/inst/unitTests/unitTestsBonds.R 
test.ytm: (6 checks) ... OK (0 seconds)
--------------------------- 
Test file: /home/es19/Packages/NMOF/inst/unitTests/unitTestscallCF.R 
test.callCF: (22 checks) ... OK (0.06 seconds)
--------------------------- 
Test file: /home/es19/Packages/NMOF/inst/unitTests/unitTestsDEopt.R 
test.DEopt: (133 checks) ... OK (0.99 seconds)
--------------------------- 
Test file: /home/es19/Packages/NMOF/inst/unitTests/unitTestsGAopt.R 
test.GAopt: (22 checks) ... OK (0.06 seconds)
--------------------------- 
Test file: /home/es19/Packages/NMOF/inst/unitTests/unitTestsInternals.R 
test.checkList: (10 checks) ... OK (0 seconds)
--------------------------- 
Test file: /home/es19/Packages/NMOF/inst/unitTests/unitTestsLSopt.R 
test.LSopt: (7 checks) ... OK (0.07 seconds)
--------------------------- 
Test file: /home/es19/Packages/NMOF/inst/unitTests/unitTestsMA.R 
test.MA: (3 checks) ... OK (0 seconds)
--------------------------- 
Test file: /home/es19/Packages/NMOF/inst/unitTests/unitTestsOptions.R 
test.callHestoncf: (3 checks) ... OK (0 seconds)
test.EuropeanCall: (6 checks) ... OK (0 seconds)
test.EuropeanCallBE: (6 checks) ... OK (0 seconds)
test.testFunctions: (6 checks) ... OK (0 seconds)
test.vanillaOptionAmerican: (6 checks) ... OK (0 seconds)
test.vanillaOptionEuropean: (2124 checks) ... OK (2.88 seconds)
test.vanillaOptionImpliedVol: (12 checks) ... OK (0.03 seconds)
--------------------------- 
Test file: /home/es19/Packages/NMOF/inst/unitTests/unitTestsPCparity.R 
test.putCallParity: (10 checks) ... OK (0 seconds)
--------------------------- 
Test file: /home/es19/Packages/NMOF/inst/unitTests/unitTestsPSopt.R 
test.PSopt: FAILURE !! (check number 14)
Error in checkEquals(round(sol$xbest, 3), c(-4, -3, -2, -1, 0, 1, 2, 3,  : 
  Mean relative difference: 0.25

--------------------------- 
Test file: /home/es19/Packages/NMOF/inst/unitTests/unitTestsRestartOpt.R 
test.restartOpt: (1 checks) ... OK (0.03 seconds)
--------------------------- 
Test file: /home/es19/Packages/NMOF/inst/unitTests/unitTestsSAopt.R 
test.SAopt: (7 checks) ... OK (0.14 seconds)
--------------------------- 
Test file: /home/es19/Packages/NMOF/inst/unitTests/unitTestsTAopt.R 
test.TAopt: (13 checks) ... OK (0.09 seconds)
